<?xml version="1.0" encoding="UTF-8"?>
<testsuite xmlns:xsi="http://www.w3.org/2001/XMLSchema-instance" xsi:noNamespaceSchemaLocation="https://maven.apache.org/surefire/maven-surefire-plugin/xsd/surefire-test-report-3.0.xsd" version="3.0" name="com.example.inventory.InventoryFlowTest" time="2.417" tests="1" errors="0" skipped="0" failures="0">
  <properties>
[...]
</properties>
  <testcase name="endToEndFlow" classname="com.example.inventory.InventoryFlowTest" time="0.812">
    <system-out><![CDATA[23:31:58.779 [main] INFO org.springframework.test.context.support.AnnotationConfigContextLoaderUtils -- Could not detect default configuration classes for test class [com.example.inventory.InventoryFlowTest]: InventoryFlowTest does not declare any static, non-private, non-final, nested classes annotated with @Configuration.
23:31:58.832 [main] INFO org.springframework.boot.test.context.SpringBootTestContextBootstrapper -- Found @SpringBootConfiguration com.example.inventory.DistributedInventoryApplication for test class com.example.inventory.InventoryFlowTest

  .   ____          _            __ _ _
 /\\ / ___'_ __ _ _(_)_ __  __ _ \ \ \ \
( ( )\___ | '_ | '_| | '_ \/ _` | \ \ \ \
 \\/  ___)| |_)| | | | | || (_| |  ) ) ) )
  '  |____| .__|_| |_|_| |_\__, | / / / /
 =========|_|==============|___/=/_/_/_/

 :: Spring Boot ::                (v3.3.4)

2025-08-18T23:31:59.146Z  INFO 3890 --- [distributed-inventory] [           main] c.example.inventory.InventoryFlowTest    : Starting InventoryFlowTest using Java 21.0.7 with PID 3890 (started by ubuntu in /workspace)
2025-08-18T23:31:59.146Z  INFO 3890 --- [distributed-inventory] [           main] c.example.inventory.InventoryFlowTest    : No active profile set, falling back to 1 default profile: "default"
2025-08-18T23:31:59.867Z  INFO 3890 --- [distributed-inventory] [           main] o.s.b.w.embedded.tomcat.TomcatWebServer  : Tomcat initialized with port 0 (http)
2025-08-18T23:31:59.875Z  INFO 3890 --- [distributed-inventory] [           main] o.apache.catalina.core.StandardService   : Starting service [Tomcat]
2025-08-18T23:31:59.875Z  INFO 3890 --- [distributed-inventory] [           main] o.apache.catalina.core.StandardEngine    : Starting Servlet engine: [Apache Tomcat/10.1.30]
2025-08-18T23:31:59.897Z  INFO 3890 --- [distributed-inventory] [           main] o.a.c.c.C.[Tomcat].[localhost].[/]       : Initializing Spring embedded WebApplicationContext
2025-08-18T23:31:59.898Z  INFO 3890 --- [distributed-inventory] [           main] w.s.c.ServletWebServerApplicationContext : Root WebApplicationContext: initialization completed in 737 ms
2025-08-18T23:32:00.187Z  INFO 3890 --- [distributed-inventory] [           main] o.s.b.a.e.web.EndpointLinksResolver      : Exposing 2 endpoints beneath base path '/actuator'
2025-08-18T23:32:00.224Z  INFO 3890 --- [distributed-inventory] [           main] o.s.b.w.embedded.tomcat.TomcatWebServer  : Tomcat started on port 33661 (http) with context path '/'
2025-08-18T23:32:00.232Z  INFO 3890 --- [distributed-inventory] [           main] c.example.inventory.InventoryFlowTest    : Started InventoryFlowTest in 1.315 seconds (process running for 1.904)
2025-08-18T23:32:00.776Z  INFO 3890 --- [distributed-inventory] [o-auto-1-exec-1] o.a.c.c.C.[Tomcat].[localhost].[/]       : Initializing Spring DispatcherServlet 'dispatcherServlet'
2025-08-18T23:32:00.776Z  INFO 3890 --- [distributed-inventory] [o-auto-1-exec-1] o.s.web.servlet.DispatcherServlet        : Initializing Servlet 'dispatcherServlet'
2025-08-18T23:32:00.777Z  INFO 3890 --- [distributed-inventory] [o-auto-1-exec-1] o.s.web.servlet.DispatcherServlet        : Completed initialization in 1 ms
]]></system-out>
    <system-err><![CDATA[WARNING: A Java agent has been loaded dynamically (/home/ubuntu/.m2/repository/net/bytebuddy/byte-buddy-agent/1.14.19/byte-buddy-agent-1.14.19.jar)
WARNING: If a serviceability tool is in use, please run with -XX:+EnableDynamicAgentLoading to hide this warning
WARNING: If a serviceability tool is not in use, please run with -Djdk.instrument.traceUsage for more information
WARNING: Dynamic loading of agents will be disallowed by default in a future release
]]></system-err>
  </testcase>
</testsuite>